<?xml version="1.0" encoding="UTF-8"?>
<testng-results skipped="0" failed="0" ignored="0" total="1" passed="1">
  <reporter-output>
    <line>
      <![CDATA[test running successfully]]>
    </line>
  </reporter-output>
  <suite name="Suite" duration-ms="64" started-at="2020-07-04T10:06:29 IST" finished-at="2020-07-04T10:06:29 IST">
    <groups>
    </groups>
    <test name="Test" duration-ms="64" started-at="2020-07-04T10:06:29 IST" finished-at="2020-07-04T10:06:29 IST">
      <class name="com.login.Demo">
        <test-method status="PASS" signature="runTest()[pri:0, instance:com.login.Demo@6e6c3152]" name="runTest" duration-ms="16" started-at="2020-07-04T10:06:29 IST" finished-at="2020-07-04T10:06:29 IST">
          <reporter-output>
            <line>
              <![CDATA[test running successfully]]>
            </line>
          </reporter-output>
        </test-method> <!-- runTest -->
      </class> <!-- com.login.Demo -->
    </test> <!-- Test -->
  </suite> <!-- Suite -->
</testng-results>
